                      :-) GROMACS - gmx mdrun, 2024.2 (-:

Copyright 1991-2024 The GROMACS Authors.
GROMACS is free software; you can redistribute it and/or modify it
under the terms of the GNU Lesser General Public License
as published by the Free Software Foundation; either version 2.1
of the License, or (at your option) any later version.

                         Current GROMACS contributors:
       Mark Abraham           Andrey Alekseenko           Vladimir Basov      
      Cathrine Bergh            Eliane Briand               Ania Brown        
      Mahesh Doijade            Giacomo Fiorin          Stefan Fleischmann    
      Sergey Gorelov         Gilles Gouaillardet            Alan Gray         
     M. Eric Irrgang         Farzaneh Jalalypour            Joe Jordan        
     Carsten Kutzner           Justin A. Lemkul          Magnus Lundborg      
       Pascal Merz              Vedran Miletic            Dmitry Morozov      
       Julien Nabet              Szilard Pall        Andrea Pasquadibisceglie 
    Michele Pellegrino          Hubert Santuz             Roland Schulz       
     Tatiana Shugaeva          Alexey Shvetsov            Philip Turner       
     Alessandra Villa      Sebastian Wingbermuehle  

                         Previous GROMACS contributors:
        Emile Apol             Rossen Apostolov           James Barnett       
        Paul Bauer          Herman J.C. Berendsen          Par Bjelkmar       
      Christian Blau          Viacheslav Bolnykh            Kevin Boyd        
    Aldert van Buuren          Carlo Camilloni           Rudi van Drunen      
      Anton Feenstra           Oliver Fleetwood            Vytas Gapsys       
       Gaurav Garg             Gerrit Groenhof            Bert de Groot       
      Anca Hamuraru           Vincent Hindriksen          Victor Holanda      
     Aleksei Iupinov          Christoph Junghans        Prashanth Kanduri     
   Dimitrios Karkoulis           Peter Kasson             Sebastian Kehl      
     Sebastian Keller             Jiri Kraus               Per Larsson        
      Viveca Lindahl            Erik Marklund           Pieter Meulenhoff     
      Teemu Murtola              Sander Pronk             Michael Shirts      
      Alfons Sijbers            Balint Soproni         David van der Spoel    
      Peter Tieleman            Carsten Uphoff             Jon Vincent        
     Teemu Virolainen         Christian Wennberg           Maarten Wolf       
      Artem Zhmurov       

                  Coordinated by the GROMACS project leaders:
                           Berk Hess and Erik Lindahl

GROMACS:      gmx mdrun, version 2024.2
Executable:   /usr/local/gromacs/bin/gmx
Data prefix:  /usr/local/gromacs
Working dir:  /home/austinl/repos/gromacs/tutorial_1/1aki_output
Process ID:   1502
Command line:
  gmx mdrun -deffnm md_0_1

GROMACS version:     2024.2
Precision:           mixed
Memory model:        64 bit
MPI library:         thread_mpi
OpenMP support:      enabled (GMX_OPENMP_MAX_THREADS = 128)
GPU support:         disabled
SIMD instructions:   AVX2_128
CPU FFT library:     fftw-3.3.8-sse2-avx-avx2-avx2_128
GPU FFT library:     none
Multi-GPU FFT:       none
RDTSCP usage:        enabled
TNG support:         enabled
Hwloc support:       disabled
Tracing support:     disabled
C compiler:          /usr/bin/cc GNU 11.4.0
C compiler flags:    -fexcess-precision=fast -funroll-all-loops -mavx2 -mfma -Wno-missing-field-initializers -O3 -DNDEBUG
C++ compiler:        /usr/bin/c++ GNU 11.4.0
C++ compiler flags:  -fexcess-precision=fast -funroll-all-loops -mavx2 -mfma -Wno-missing-field-initializers -Wno-cast-function-type-strict SHELL:-fopenmp -O3 -DNDEBUG
BLAS library:        Internal
LAPACK library:      Internal


Running on 1 node with total 8 cores, 16 processing units
Hardware detected on host DESKTOP-RCELDJA:
  CPU info:
    Vendor: AMD
    Brand:  AMD Ryzen 7 1700 Eight-Core Processor          
    Family: 23   Model: 1   Stepping: 1
    Features: aes amd apic avx avx2 clfsh cmov cx8 cx16 f16c fma htt lahf misalignsse mmx msr nonstop_tsc pclmuldq pdpe1gb popcnt pse rdrnd rdtscp sha sse2 sse3 sse4a sse4.1 sse4.2 ssse3
  Hardware topology: Basic
    Packages, cores, and logical processors:
    [indices refer to OS logical processors]
      Package  0: [   0   1] [   2   3] [   4   5] [   6   7] [   8   9] [  10  11] [  12  13] [  14  15]
    CPU limit set by OS: -1   Recommended max number of threads: 16


++++ PLEASE READ AND CITE THE FOLLOWING REFERENCE ++++
M. J. Abraham, T. Murtola, R. Schulz, S. Páll, J. C. Smith, B. Hess, E.
Lindahl
GROMACS: High performance molecular simulations through multi-level
parallelism from laptops to supercomputers
SoftwareX 1 (2015) pp. 19-25
-------- -------- --- Thank You --- -------- --------


++++ PLEASE READ AND CITE THE FOLLOWING REFERENCE ++++
S. Páll, M. J. Abraham, C. Kutzner, B. Hess, E. Lindahl
Tackling Exascale Software Challenges in Molecular Dynamics Simulations with
GROMACS
In S. Markidis & E. Laure (Eds.), Solving Software Challenges for Exascale 8759 (2015) pp. 3-27
-------- -------- --- Thank You --- -------- --------


++++ PLEASE READ AND CITE THE FOLLOWING REFERENCE ++++
S. Pronk, S. Páll, R. Schulz, P. Larsson, P. Bjelkmar, R. Apostolov, M. R.
Shirts, J. C. Smith, P. M. Kasson, D. van der Spoel, B. Hess, and E. Lindahl
GROMACS 4.5: a high-throughput and highly parallel open source molecular
simulation toolkit
Bioinformatics 29 (2013) pp. 845-54
-------- -------- --- Thank You --- -------- --------


++++ PLEASE READ AND CITE THE FOLLOWING REFERENCE ++++
B. Hess and C. Kutzner and D. van der Spoel and E. Lindahl
GROMACS 4: Algorithms for highly efficient, load-balanced, and scalable
molecular simulation
J. Chem. Theory Comput. 4 (2008) pp. 435-447
-------- -------- --- Thank You --- -------- --------


++++ PLEASE READ AND CITE THE FOLLOWING REFERENCE ++++
D. van der Spoel, E. Lindahl, B. Hess, G. Groenhof, A. E. Mark and H. J. C.
Berendsen
GROMACS: Fast, Flexible and Free
J. Comp. Chem. 26 (2005) pp. 1701-1719
-------- -------- --- Thank You --- -------- --------


++++ PLEASE READ AND CITE THE FOLLOWING REFERENCE ++++
E. Lindahl and B. Hess and D. van der Spoel
GROMACS 3.0: A package for molecular simulation and trajectory analysis
J. Mol. Mod. 7 (2001) pp. 306-317
-------- -------- --- Thank You --- -------- --------


++++ PLEASE READ AND CITE THE FOLLOWING REFERENCE ++++
H. J. C. Berendsen, D. van der Spoel and R. van Drunen
GROMACS: A message-passing parallel molecular dynamics implementation
Comp. Phys. Comm. 91 (1995) pp. 43-56
-------- -------- --- Thank You --- -------- --------


++++ PLEASE CITE THE DOI FOR THIS VERSION OF GROMACS ++++
https://doi.org/10.5281/zenodo.11148655
-------- -------- --- Thank You --- -------- --------

Input Parameters:
   integrator                     = md
   tinit                          = 0
   dt                             = 0.002
   nsteps                         = 500000
   init-step                      = 0
   simulation-part                = 1
   mts                            = false
   mass-repartition-factor        = 1
   comm-mode                      = Linear
   nstcomm                        = 100
   bd-fric                        = 0
   ld-seed                        = -1352794631
   emtol                          = 10
   emstep                         = 0.01
   niter                          = 20
   fcstep                         = 0
   nstcgsteep                     = 1000
   nbfgscorr                      = 10
   rtpi                           = 0.05
   nstxout                        = 0
   nstvout                        = 0
   nstfout                        = 0
   nstlog                         = 5000
   nstcalcenergy                  = 100
   nstenergy                      = 5000
   nstxout-compressed             = 5000
   compressed-x-precision         = 1000
   cutoff-scheme                  = Verlet
   nstlist                        = 10
   pbc                            = xyz
   periodic-molecules             = false
   verlet-buffer-tolerance        = 0.005
   verlet-buffer-pressure-tolerance = 0.5
   rlist                          = 1
   coulombtype                    = PME
   coulomb-modifier               = Potential-shift
   rcoulomb-switch                = 0
   rcoulomb                       = 1
   epsilon-r                      = 1
   epsilon-rf                     = inf
   vdw-type                       = Cut-off
   vdw-modifier                   = Potential-shift
   rvdw-switch                    = 0
   rvdw                           = 1
   DispCorr                       = EnerPres
   table-extension                = 1
   fourierspacing                 = 0.16
   fourier-nx                     = 44
   fourier-ny                     = 44
   fourier-nz                     = 44
   pme-order                      = 4
   ewald-rtol                     = 1e-05
   ewald-rtol-lj                  = 0.001
   lj-pme-comb-rule               = Geometric
   ewald-geometry                 = 3d
   epsilon-surface                = 0
   ensemble-temperature-setting   = constant
   ensemble-temperature           = 300
   tcoupl                         = V-rescale
   nsttcouple                     = 10
   nh-chain-length                = 0
   print-nose-hoover-chain-variables = false
   pcoupl                         = Parrinello-Rahman
   pcoupltype                     = Isotropic
   nstpcouple                     = 50
   tau-p                          = 2
   compressibility (3x3):
      compressibility[    0]={ 4.50000e-05,  0.00000e+00,  0.00000e+00}
      compressibility[    1]={ 0.00000e+00,  4.50000e-05,  0.00000e+00}
      compressibility[    2]={ 0.00000e+00,  0.00000e+00,  4.50000e-05}
   ref-p (3x3):
      ref-p[    0]={ 1.00000e+00,  0.00000e+00,  0.00000e+00}
      ref-p[    1]={ 0.00000e+00,  1.00000e+00,  0.00000e+00}
      ref-p[    2]={ 0.00000e+00,  0.00000e+00,  1.00000e+00}
   refcoord-scaling               = No
   posres-com (3):
      posres-com[0]= 0.00000e+00
      posres-com[1]= 0.00000e+00
      posres-com[2]= 0.00000e+00
   posres-comB (3):
      posres-comB[0]= 0.00000e+00
      posres-comB[1]= 0.00000e+00
      posres-comB[2]= 0.00000e+00
   QMMM                           = false
qm-opts:
   ngQM                           = 0
   constraint-algorithm           = Lincs
   continuation                   = true
   Shake-SOR                      = false
   shake-tol                      = 0.0001
   lincs-order                    = 4
   lincs-iter                     = 1
   lincs-warnangle                = 30
   nwall                          = 0
   wall-type                      = 9-3
   wall-r-linpot                  = -1
   wall-atomtype[0]               = -1
   wall-atomtype[1]               = -1
   wall-density[0]                = 0
   wall-density[1]                = 0
   wall-ewald-zfac                = 3
   pull                           = false
   awh                            = false
   rotation                       = false
   interactiveMD                  = false
   disre                          = No
   disre-weighting                = Conservative
   disre-mixed                    = false
   dr-fc                          = 1000
   dr-tau                         = 0
   nstdisreout                    = 100
   orire-fc                       = 0
   orire-tau                      = 0
   nstorireout                    = 100
   free-energy                    = no
   cos-acceleration               = 0
   deform (3x3):
      deform[    0]={ 0.00000e+00,  0.00000e+00,  0.00000e+00}
      deform[    1]={ 0.00000e+00,  0.00000e+00,  0.00000e+00}
      deform[    2]={ 0.00000e+00,  0.00000e+00,  0.00000e+00}
   simulated-tempering            = false
   swapcoords                     = no
   userint1                       = 0
   userint2                       = 0
   userint3                       = 0
   userint4                       = 0
   userreal1                      = 0
   userreal2                      = 0
   userreal3                      = 0
   userreal4                      = 0
   applied-forces:
     electric-field:
       x:
         E0                       = 0
         omega                    = 0
         t0                       = 0
         sigma                    = 0
       y:
         E0                       = 0
         omega                    = 0
         t0                       = 0
         sigma                    = 0
       z:
         E0                       = 0
         omega                    = 0
         t0                       = 0
         sigma                    = 0
     density-guided-simulation:
       active                     = false
       group                      = protein
       similarity-measure         = inner-product
       atom-spreading-weight      = unity
       force-constant             = 1e+09
       gaussian-transform-spreading-width = 0.2
       gaussian-transform-spreading-range-in-multiples-of-width = 4
       reference-density-filename = reference.mrc
       nst                        = 1
       normalize-densities        = true
       adaptive-force-scaling     = false
       adaptive-force-scaling-time-constant = 4
       shift-vector               = 
       transformation-matrix      = 
     qmmm-cp2k:
       active                     = false
       qmgroup                    = System
       qmmethod                   = PBE
       qmfilenames                = 
       qmcharge                   = 0
       qmmultiplicity             = 1
     colvars:
       active                     = false
       configfile                 = 
       seed                       = -1
grpopts:
   nrdf:     4920.79     63837.2
   ref-t:         300         300
   tau-t:         0.1         0.1
annealing:          No          No
annealing-npoints:           0           0
   acc:	           0           0           0
   nfreeze:           N           N           N
   energygrp-flags[  0]: 0

Changing nstlist from 10 to 50, rlist from 1 to 1.117


Initializing Domain Decomposition on 1 ranks
Dynamic load balancing: auto
Using update groups, nr 11645, average size 2.9 atoms, max. radius 0.103 nm
Minimum cell size due to atom displacement: 0.398 nm
Initial maximum distances in bonded interactions:
    two-body bonded interactions: 0.447 nm, LJ-14, atoms 1156 1405
  multi-body bonded interactions: 0.447 nm, Ryckaert-Bell., atoms 1156 1405
Minimum cell size due to bonded interactions: 0.492 nm
Using 0 separate PME ranks because: there are too few total ranks for efficient splitting
Optimizing the DD grid for 1 cells with a minimum initial size of 0.492 nm
The maximum allowed number of cells is: X 14 Y 14 Z 14
Domain decomposition grid 1 x 1 x 1, separate PME ranks 0
PME domain decomposition: 1 x 1 x 1

The initial number of communication pulses is:
The initial domain decomposition cell size is:

The maximum allowed distance for atom groups involved in interactions is:
                 non-bonded interactions           1.324 nm
(the following are initial values, they could change due to box deformation)
            two-body bonded interactions  (-rdd)   1.324 nm
          multi-body bonded interactions  (-rdd)   1.324 nm

When dynamic load balancing gets turned on, these settings will change to:
The maximum number of communication pulses is:
The minimum size for domain decomposition cells is 1.324 nm
The requested allowed shrink of DD cells (option -dds) is: 0.80
The allowed shrink of domain decomposition cells is:
The maximum allowed distance for atom groups involved in interactions is:
                 non-bonded interactions           1.324 nm
            two-body bonded interactions  (-rdd)   1.324 nm
          multi-body bonded interactions  (-rdd)   1.324 nm

Using 1 MPI thread
Using 16 OpenMP threads 

System total charge: -0.000
Will do PME sum in reciprocal space for electrostatic interactions.

++++ PLEASE READ AND CITE THE FOLLOWING REFERENCE ++++
U. Essmann, L. Perera, M. L. Berkowitz, T. Darden, H. Lee and L. G. Pedersen 
A smooth particle mesh Ewald method
J. Chem. Phys. 103 (1995) pp. 8577-8592
-------- -------- --- Thank You --- -------- --------

Using a Gaussian width (1/beta) of 0.320163 nm for Ewald
Potential shift: LJ r^-12: -1.000e+00 r^-6: -1.000e+00, Ewald -1.000e-05
Initialized non-bonded Coulomb Ewald tables, spacing: 9.33e-04 size: 1073

Generated table with 1058 data points for 1-4 COUL.
Tabscale = 500 points/nm
Generated table with 1058 data points for 1-4 LJ6.
Tabscale = 500 points/nm
Generated table with 1058 data points for 1-4 LJ12.
Tabscale = 500 points/nm
Long Range LJ corr.: <C6> 3.1923e-04


Using SIMD4xM 4x4 nonbonded short-range kernels

Using a dual 4x4 pair-list setup updated with dynamic pruning:
  outer list: updated every 50 steps, buffer 0.117 nm, rlist 1.117 nm
  inner list: updated every 10 steps, buffer 0.000 nm, rlist 1.000 nm
At tolerance 0.005 kJ/mol/ps per atom, equivalent classical 1x1 list would be:
  outer list: updated every 50 steps, buffer 0.246 nm, rlist 1.246 nm
  inner list: updated every 10 steps, buffer 0.036 nm, rlist 1.036 nm

The average pressure is off by at most 0.45 bar due to missing LJ interactions

Using Geometric Lennard-Jones combination rule

Linking all bonded interactions to atoms


Pinning threads with an auto-selected logical cpu stride of 1

Initializing LINear Constraint Solver

++++ PLEASE READ AND CITE THE FOLLOWING REFERENCE ++++
B. Hess and H. Bekker and H. J. C. Berendsen and J. G. E. M. Fraaije
LINCS: A Linear Constraint Solver for molecular simulations
J. Comp. Chem. 18 (1997) pp. 1463-1472
-------- -------- --- Thank You --- -------- --------

The number of constraints is 959

++++ PLEASE READ AND CITE THE FOLLOWING REFERENCE ++++
S. Miyamoto and P. A. Kollman
SETTLE: An Analytical Version of the SHAKE and RATTLE Algorithms for Rigid
Water Models
J. Comp. Chem. 13 (1992) pp. 952-962
-------- -------- --- Thank You --- -------- --------


++++ PLEASE READ AND CITE THE FOLLOWING REFERENCE ++++
G. Bussi, D. Donadio and M. Parrinello
Canonical sampling through velocity rescaling
J. Chem. Phys. 126 (2007) pp. 014101
-------- -------- --- Thank You --- -------- --------

There are: 33876 Atoms
Atom distribution over 1 domains: av 33876 stddev 0 min 33876 max 33876
Center of mass motion removal mode is Linear
We have the following groups for center of mass motion removal:
  0:  rest

Started mdrun on rank 0 Sun Aug 25 20:15:58 2024

           Step           Time
              0        0.00000

   Energies (kJ/mol)
           Bond          Angle    Proper Dih. Ryckaert-Bell.          LJ-14
    1.50519e+03    3.72643e+03    2.47681e+02    1.83635e+03    2.63991e+03
     Coulomb-14        LJ (SR)  Disper. corr.   Coulomb (SR)   Coul. recip.
    7.65241e+03    9.44261e+04   -4.57770e+03   -6.35443e+05    2.88367e+03
      Potential    Kinetic En.   Total Energy  Conserved En.    Temperature
   -5.25103e+05    8.46646e+04   -4.40439e+05   -4.40419e+05    2.96193e+02
 Pres. DC (bar) Pressure (bar)   Constr. rmsd
   -2.27295e+02    1.69261e+02    2.98066e-06

           Step           Time
           5000       10.00000

   Energies (kJ/mol)
           Bond          Angle    Proper Dih. Ryckaert-Bell.          LJ-14
    1.53580e+03    3.75758e+03    2.14853e+02    1.81206e+03    2.62793e+03
     Coulomb-14        LJ (SR)  Disper. corr.   Coulomb (SR)   Coul. recip.
    7.76734e+03    9.24419e+04   -4.52465e+03   -6.33407e+05    2.92478e+03
      Potential    Kinetic En.   Total Energy  Conserved En.    Temperature
   -5.24850e+05    8.58507e+04   -4.38999e+05   -4.40281e+05    3.00342e+02
 Pres. DC (bar) Pressure (bar)   Constr. rmsd
   -2.22063e+02   -4.02687e+02    2.87316e-06

           Step           Time
          10000       20.00000

   Energies (kJ/mol)
           Bond          Angle    Proper Dih. Ryckaert-Bell.          LJ-14
    1.48247e+03    3.90775e+03    2.46488e+02    1.75025e+03    2.64766e+03
     Coulomb-14        LJ (SR)  Disper. corr.   Coulomb (SR)   Coul. recip.
    7.85356e+03    9.32672e+04   -4.54879e+03   -6.33923e+05    3.04735e+03
      Potential    Kinetic En.   Total Energy  Conserved En.    Temperature
   -5.24269e+05    8.58114e+04   -4.38457e+05   -4.39888e+05    3.00205e+02
 Pres. DC (bar) Pressure (bar)   Constr. rmsd
   -2.24437e+02   -9.94589e+01    2.89656e-06

           Step           Time
          15000       30.00000

   Energies (kJ/mol)
           Bond          Angle    Proper Dih. Ryckaert-Bell.          LJ-14
    1.49574e+03    3.56541e+03    2.75423e+02    1.89514e+03    2.65785e+03
     Coulomb-14        LJ (SR)  Disper. corr.   Coulomb (SR)   Coul. recip.
    7.66915e+03    9.27693e+04   -4.51060e+03   -6.34082e+05    2.96748e+03
      Potential    Kinetic En.   Total Energy  Conserved En.    Temperature
   -5.25297e+05    8.50667e+04   -4.40231e+05   -4.39413e+05    2.97599e+02
 Pres. DC (bar) Pressure (bar)   Constr. rmsd
   -2.20688e+02   -3.93973e+02    2.63643e-06

           Step           Time
          20000       40.00000

   Energies (kJ/mol)
           Bond          Angle    Proper Dih. Ryckaert-Bell.          LJ-14
    1.54216e+03    3.88533e+03    2.62808e+02    1.80354e+03    2.58563e+03
     Coulomb-14        LJ (SR)  Disper. corr.   Coulomb (SR)   Coul. recip.
    7.76049e+03    9.33152e+04   -4.55594e+03   -6.34388e+05    2.87039e+03
      Potential    Kinetic En.   Total Energy  Conserved En.    Temperature
   -5.24919e+05    8.64874e+04   -4.38431e+05   -4.39057e+05    3.02570e+02
 Pres. DC (bar) Pressure (bar)   Constr. rmsd
   -2.25142e+02   -3.60893e+01    3.06911e-06

           Step           Time
          25000       50.00000

   Energies (kJ/mol)
           Bond          Angle    Proper Dih. Ryckaert-Bell.          LJ-14
    1.42593e+03    3.74066e+03    2.42301e+02    1.70320e+03    2.64333e+03
     Coulomb-14        LJ (SR)  Disper. corr.   Coulomb (SR)   Coul. recip.
    7.77375e+03    9.38339e+04   -4.58081e+03   -6.35555e+05    2.79575e+03
      Potential    Kinetic En.   Total Energy  Conserved En.    Temperature
   -5.25977e+05    8.60452e+04   -4.39932e+05   -4.38667e+05    3.01023e+02
 Pres. DC (bar) Pressure (bar)   Constr. rmsd
   -2.27604e+02    5.71482e+01    3.02280e-06

Writing checkpoint, step 27400 at Sun Aug 25 20:30:58 2024


           Step           Time
          30000       60.00000

   Energies (kJ/mol)
           Bond          Angle    Proper Dih. Ryckaert-Bell.          LJ-14
    1.55234e+03    3.76062e+03    2.62231e+02    1.78719e+03    2.67972e+03
     Coulomb-14        LJ (SR)  Disper. corr.   Coulomb (SR)   Coul. recip.
    7.87896e+03    9.44047e+04   -4.57868e+03   -6.35779e+05    2.87246e+03
      Potential    Kinetic En.   Total Energy  Conserved En.    Temperature
   -5.25159e+05    8.59145e+04   -4.39245e+05   -4.38287e+05    3.00565e+02
 Pres. DC (bar) Pressure (bar)   Constr. rmsd
   -2.27393e+02    1.19572e+02    2.74957e-06

           Step           Time
          35000       70.00000

   Energies (kJ/mol)
           Bond          Angle    Proper Dih. Ryckaert-Bell.          LJ-14
    1.48391e+03    3.67580e+03    2.43573e+02    1.69538e+03    2.63427e+03
     Coulomb-14        LJ (SR)  Disper. corr.   Coulomb (SR)   Coul. recip.
    7.69932e+03    9.41200e+04   -4.53301e+03   -6.36324e+05    2.83703e+03
      Potential    Kinetic En.   Total Energy  Conserved En.    Temperature
   -5.26468e+05    8.49635e+04   -4.41504e+05   -4.37916e+05    2.97239e+02
 Pres. DC (bar) Pressure (bar)   Constr. rmsd
   -2.22884e+02   -2.35947e+02    3.19388e-06

           Step           Time
          40000       80.00000

   Energies (kJ/mol)
           Bond          Angle    Proper Dih. Ryckaert-Bell.          LJ-14
    1.44014e+03    3.79101e+03    2.40432e+02    1.68318e+03    2.62674e+03
     Coulomb-14        LJ (SR)  Disper. corr.   Coulomb (SR)   Coul. recip.
    7.71317e+03    9.43971e+04   -4.56744e+03   -6.35895e+05    2.96231e+03
      Potential    Kinetic En.   Total Energy  Conserved En.    Temperature
   -5.25608e+05    8.58145e+04   -4.39794e+05   -4.37665e+05    3.00216e+02
 Pres. DC (bar) Pressure (bar)   Constr. rmsd
   -2.26278e+02    1.10878e+02    3.01708e-06

           Step           Time
          45000       90.00000

   Energies (kJ/mol)
           Bond          Angle    Proper Dih. Ryckaert-Bell.          LJ-14
    1.39639e+03    3.85199e+03    2.26017e+02    1.77369e+03    2.71565e+03
     Coulomb-14        LJ (SR)  Disper. corr.   Coulomb (SR)   Coul. recip.
    7.66861e+03    9.31807e+04   -4.56843e+03   -6.33703e+05    3.01278e+03
      Potential    Kinetic En.   Total Energy  Conserved En.    Temperature
   -5.24445e+05    8.61309e+04   -4.38314e+05   -4.37364e+05    3.01323e+02
 Pres. DC (bar) Pressure (bar)   Constr. rmsd
   -2.26377e+02    1.42533e+02    2.83029e-06

Writing checkpoint, step 48200 at Sun Aug 25 20:46:00 2024


           Step           Time
          50000      100.00000

   Energies (kJ/mol)
           Bond          Angle    Proper Dih. Ryckaert-Bell.          LJ-14
    1.54813e+03    3.64970e+03    2.49405e+02    1.73026e+03    2.64860e+03
     Coulomb-14        LJ (SR)  Disper. corr.   Coulomb (SR)   Coul. recip.
    7.77431e+03    9.38520e+04   -4.55670e+03   -6.34777e+05    2.93779e+03
      Potential    Kinetic En.   Total Energy  Conserved En.    Temperature
   -5.24943e+05    8.55413e+04   -4.39402e+05   -4.37099e+05    2.99260e+02
 Pres. DC (bar) Pressure (bar)   Constr. rmsd
   -2.25217e+02   -4.45228e+01    2.78403e-06

           Step           Time
          55000      110.00000

   Energies (kJ/mol)
           Bond          Angle    Proper Dih. Ryckaert-Bell.          LJ-14
    1.46597e+03    3.81143e+03    2.36290e+02    1.78359e+03    2.69499e+03
     Coulomb-14        LJ (SR)  Disper. corr.   Coulomb (SR)   Coul. recip.
    7.76570e+03    9.41455e+04   -4.54815e+03   -6.35047e+05    2.91586e+03
      Potential    Kinetic En.   Total Energy  Conserved En.    Temperature
   -5.24776e+05    8.65751e+04   -4.38201e+05   -4.36915e+05    3.02876e+02
 Pres. DC (bar) Pressure (bar)   Constr. rmsd
   -2.24374e+02    6.95189e+01    3.07621e-06

           Step           Time
          60000      120.00000

   Energies (kJ/mol)
           Bond          Angle    Proper Dih. Ryckaert-Bell.          LJ-14
    1.43079e+03    3.91787e+03    2.35544e+02    1.63826e+03    2.60493e+03
     Coulomb-14        LJ (SR)  Disper. corr.   Coulomb (SR)   Coul. recip.
    7.67469e+03    9.35542e+04   -4.55627e+03   -6.33808e+05    2.89560e+03
      Potential    Kinetic En.   Total Energy  Conserved En.    Temperature
   -5.24412e+05    8.58650e+04   -4.38547e+05   -4.36651e+05    3.00392e+02
 Pres. DC (bar) Pressure (bar)   Constr. rmsd
   -2.25175e+02    3.29040e+01    2.68333e-06

           Step           Time
          65000      130.00000

   Energies (kJ/mol)
           Bond          Angle    Proper Dih. Ryckaert-Bell.          LJ-14
    1.43616e+03    3.65392e+03    2.35185e+02    1.77736e+03    2.76890e+03
     Coulomb-14        LJ (SR)  Disper. corr.   Coulomb (SR)   Coul. recip.
    7.90704e+03    9.32746e+04   -4.54456e+03   -6.34435e+05    2.97999e+03
      Potential    Kinetic En.   Total Energy  Conserved En.    Temperature
   -5.24947e+05    8.53375e+04   -4.39609e+05   -4.36208e+05    2.98547e+02
 Pres. DC (bar) Pressure (bar)   Constr. rmsd
   -2.24020e+02   -5.53656e+01    2.96281e-06

Writing checkpoint, step 69550 at Sun Aug 25 21:01:00 2024


           Step           Time
          70000      140.00000

   Energies (kJ/mol)
           Bond          Angle    Proper Dih. Ryckaert-Bell.          LJ-14
    1.46488e+03    3.64342e+03    2.19615e+02    1.62408e+03    2.65937e+03
     Coulomb-14        LJ (SR)  Disper. corr.   Coulomb (SR)   Coul. recip.
    7.65842e+03    9.60423e+04   -4.54599e+03   -6.36976e+05    2.90125e+03
      Potential    Kinetic En.   Total Energy  Conserved En.    Temperature
   -5.25309e+05    8.51481e+04   -4.40161e+05   -4.35395e+05    2.97884e+02
 Pres. DC (bar) Pressure (bar)   Constr. rmsd
   -2.24161e+02    3.03785e+02    2.85990e-06

           Step           Time
          75000      150.00000

   Energies (kJ/mol)
           Bond          Angle    Proper Dih. Ryckaert-Bell.          LJ-14
    1.44574e+03    3.70876e+03    2.27116e+02    1.81630e+03    2.65161e+03
     Coulomb-14        LJ (SR)  Disper. corr.   Coulomb (SR)   Coul. recip.
    7.81049e+03    9.28215e+04   -4.54938e+03   -6.33083e+05    2.89723e+03
      Potential    Kinetic En.   Total Energy  Conserved En.    Temperature
   -5.24254e+05    8.53696e+04   -4.38884e+05   -4.35151e+05    2.98659e+02
 Pres. DC (bar) Pressure (bar)   Constr. rmsd
   -2.24495e+02   -1.96990e+02    3.17768e-06

           Step           Time
          80000      160.00000

   Energies (kJ/mol)
           Bond          Angle    Proper Dih. Ryckaert-Bell.          LJ-14
    1.41329e+03    3.84156e+03    2.47722e+02    1.74425e+03    2.67374e+03
     Coulomb-14        LJ (SR)  Disper. corr.   Coulomb (SR)   Coul. recip.
    7.66118e+03    9.30733e+04   -4.55125e+03   -6.35258e+05    2.87273e+03
      Potential    Kinetic En.   Total Energy  Conserved En.    Temperature
   -5.26282e+05    8.50446e+04   -4.41237e+05   -4.34985e+05    2.97522e+02
 Pres. DC (bar) Pressure (bar)   Constr. rmsd
   -2.24679e+02   -1.60047e+02    2.65285e-06

           Step           Time
          85000      170.00000

   Energies (kJ/mol)
           Bond          Angle    Proper Dih. Ryckaert-Bell.          LJ-14
    1.49505e+03    3.66660e+03    2.29958e+02    1.71171e+03    2.64360e+03
     Coulomb-14        LJ (SR)  Disper. corr.   Coulomb (SR)   Coul. recip.
    7.76409e+03    9.27056e+04   -4.54622e+03   -6.33322e+05    2.84864e+03
      Potential    Kinetic En.   Total Energy  Conserved En.    Temperature
   -5.24803e+05    8.51974e+04   -4.39605e+05   -4.34830e+05    2.98057e+02
 Pres. DC (bar) Pressure (bar)   Constr. rmsd
   -2.24184e+02   -1.97470e+02    2.97545e-06

           Step           Time
          90000      180.00000

   Energies (kJ/mol)
           Bond          Angle    Proper Dih. Ryckaert-Bell.          LJ-14
    1.47748e+03    3.79856e+03    2.62327e+02    1.70963e+03    2.69263e+03
     Coulomb-14        LJ (SR)  Disper. corr.   Coulomb (SR)   Coul. recip.
    7.77353e+03    9.37839e+04   -4.59155e+03   -6.34663e+05    2.84827e+03
      Potential    Kinetic En.   Total Energy  Conserved En.    Temperature
   -5.24908e+05    8.58648e+04   -4.39043e+05   -4.34493e+05    3.00392e+02
 Pres. DC (bar) Pressure (bar)   Constr. rmsd
   -2.28671e+02    1.98360e+02    2.99925e-06

           Step           Time
          95000      190.00000

   Energies (kJ/mol)
           Bond          Angle    Proper Dih. Ryckaert-Bell.          LJ-14
    1.47674e+03    3.70406e+03    2.42818e+02    1.72134e+03    2.68081e+03
     Coulomb-14        LJ (SR)  Disper. corr.   Coulomb (SR)   Coul. recip.
    7.78999e+03    9.34041e+04   -4.55562e+03   -6.34777e+05    2.91977e+03
      Potential    Kinetic En.   Total Energy  Conserved En.    Temperature
   -5.25393e+05    8.49460e+04   -4.40447e+05   -4.34115e+05    2.97177e+02
 Pres. DC (bar) Pressure (bar)   Constr. rmsd
   -2.25111e+02   -2.08982e+02    3.76267e-06

Writing checkpoint, step 95900 at Sun Aug 25 21:15:58 2024


           Step           Time
         100000      200.00000

   Energies (kJ/mol)
           Bond          Angle    Proper Dih. Ryckaert-Bell.          LJ-14
    1.37436e+03    3.82499e+03    2.35911e+02    1.81439e+03    2.69211e+03
     Coulomb-14        LJ (SR)  Disper. corr.   Coulomb (SR)   Coul. recip.
    7.81035e+03    9.34386e+04   -4.55004e+03   -6.33795e+05    2.94925e+03
      Potential    Kinetic En.   Total Energy  Conserved En.    Temperature
   -5.24205e+05    8.50323e+04   -4.39172e+05   -4.33537e+05    2.97479e+02
 Pres. DC (bar) Pressure (bar)   Constr. rmsd
   -2.24560e+02    4.71105e+01    2.94529e-06

           Step           Time
         105000      210.00000

   Energies (kJ/mol)
           Bond          Angle    Proper Dih. Ryckaert-Bell.          LJ-14
    1.32345e+03    3.89356e+03    2.95315e+02    1.79154e+03    2.71070e+03
     Coulomb-14        LJ (SR)  Disper. corr.   Coulomb (SR)   Coul. recip.
    7.85058e+03    9.37651e+04   -4.58434e+03   -6.34514e+05    3.05797e+03
      Potential    Kinetic En.   Total Energy  Conserved En.    Temperature
   -5.24410e+05    8.57217e+04   -4.38688e+05   -4.33144e+05    2.99891e+02
 Pres. DC (bar) Pressure (bar)   Constr. rmsd
   -2.27954e+02    2.27203e+02    2.40980e-06

           Step           Time
         110000      220.00000

   Energies (kJ/mol)
           Bond          Angle    Proper Dih. Ryckaert-Bell.          LJ-14
    1.55611e+03    3.89488e+03    2.61584e+02    1.72155e+03    2.63986e+03
     Coulomb-14        LJ (SR)  Disper. corr.   Coulomb (SR)   Coul. recip.
    7.76315e+03    9.24078e+04   -4.55422e+03   -6.33272e+05    2.96819e+03
      Potential    Kinetic En.   Total Energy  Conserved En.    Temperature
   -5.24613e+05    8.68966e+04   -4.37716e+05   -4.32413e+05    3.04001e+02
 Pres. DC (bar) Pressure (bar)   Constr. rmsd
   -2.24972e+02   -1.43350e+02    3.15791e-06

           Step           Time
         115000      230.00000

   Energies (kJ/mol)
           Bond          Angle    Proper Dih. Ryckaert-Bell.          LJ-14
    1.51413e+03    3.71246e+03    2.59632e+02    1.83621e+03    2.58785e+03
     Coulomb-14        LJ (SR)  Disper. corr.   Coulomb (SR)   Coul. recip.
    7.79230e+03    9.45699e+04   -4.55754e+03   -6.36664e+05    2.90585e+03
      Potential    Kinetic En.   Total Energy  Conserved En.    Temperature
   -5.26043e+05    8.57279e+04   -4.40315e+05   -4.31774e+05    2.99913e+02
 Pres. DC (bar) Pressure (bar)   Constr. rmsd
   -2.25300e+02    4.34681e+01    3.42177e-06

Writing checkpoint, step 116100 at Sun Aug 25 21:31:01 2024


           Step           Time
         120000      240.00000

   Energies (kJ/mol)
           Bond          Angle    Proper Dih. Ryckaert-Bell.          LJ-14
    1.46956e+03    3.77169e+03    2.29527e+02    1.77806e+03    2.71025e+03
     Coulomb-14        LJ (SR)  Disper. corr.   Coulomb (SR)   Coul. recip.
    7.77630e+03    9.35313e+04   -4.53504e+03   -6.33901e+05    3.02480e+03
      Potential    Kinetic En.   Total Energy  Conserved En.    Temperature
   -5.24145e+05    8.52694e+04   -4.38875e+05   -4.31560e+05    2.98309e+02
 Pres. DC (bar) Pressure (bar)   Constr. rmsd
   -2.23083e+02    1.19302e+02    2.77768e-06

           Step           Time
         125000      250.00000

   Energies (kJ/mol)
           Bond          Angle    Proper Dih. Ryckaert-Bell.          LJ-14
    1.42195e+03    3.77111e+03    2.41323e+02    1.71663e+03    2.70618e+03
     Coulomb-14        LJ (SR)  Disper. corr.   Coulomb (SR)   Coul. recip.
    7.78091e+03    9.37167e+04   -4.54031e+03   -6.35125e+05    2.96812e+03
      Potential    Kinetic En.   Total Energy  Conserved En.    Temperature
   -5.25342e+05    8.57642e+04   -4.39578e+05   -4.31338e+05    3.00040e+02
 Pres. DC (bar) Pressure (bar)   Constr. rmsd
   -2.23602e+02   -3.21055e+01    3.34241e-06

           Step           Time
         130000      260.00000

   Energies (kJ/mol)
           Bond          Angle    Proper Dih. Ryckaert-Bell.          LJ-14
    1.54327e+03    3.69372e+03    2.55062e+02    1.73607e+03    2.66132e+03
     Coulomb-14        LJ (SR)  Disper. corr.   Coulomb (SR)   Coul. recip.
    7.70838e+03    9.32479e+04   -4.56735e+03   -6.35235e+05    2.92730e+03
      Potential    Kinetic En.   Total Energy  Conserved En.    Temperature
   -5.26029e+05    8.60101e+04   -4.40019e+05   -4.31173e+05    3.00900e+02
 Pres. DC (bar) Pressure (bar)   Constr. rmsd
   -2.26269e+02   -1.72852e+02    2.62252e-06

Writing checkpoint, step 134650 at Sun Aug 25 21:46:01 2024


           Step           Time
         135000      270.00000

   Energies (kJ/mol)
           Bond          Angle    Proper Dih. Ryckaert-Bell.          LJ-14
    1.48781e+03    3.90630e+03    2.51046e+02    1.59601e+03    2.66094e+03
     Coulomb-14        LJ (SR)  Disper. corr.   Coulomb (SR)   Coul. recip.
    7.78680e+03    9.26517e+04   -4.53836e+03   -6.32509e+05    2.96195e+03
      Potential    Kinetic En.   Total Energy  Conserved En.    Temperature
   -5.23745e+05    8.57789e+04   -4.37966e+05   -4.30506e+05    3.00091e+02
 Pres. DC (bar) Pressure (bar)   Constr. rmsd
   -2.23410e+02   -1.87748e+02    2.81364e-06

           Step           Time
         140000      280.00000

   Energies (kJ/mol)
           Bond          Angle    Proper Dih. Ryckaert-Bell.          LJ-14
    1.53956e+03    3.88069e+03    2.32031e+02    1.71087e+03    2.57509e+03
     Coulomb-14        LJ (SR)  Disper. corr.   Coulomb (SR)   Coul. recip.
    7.74839e+03    9.30331e+04   -4.52636e+03   -6.34435e+05    2.92171e+03
      Potential    Kinetic En.   Total Energy  Conserved En.    Temperature
   -5.25320e+05    8.54038e+04   -4.39916e+05   -4.29946e+05    2.98779e+02
 Pres. DC (bar) Pressure (bar)   Constr. rmsd
   -2.22231e+02   -3.31005e+02    2.83082e-06

           Step           Time
         145000      290.00000

   Energies (kJ/mol)
           Bond          Angle    Proper Dih. Ryckaert-Bell.          LJ-14
    1.56155e+03    3.81199e+03    2.59455e+02    1.75686e+03    2.66169e+03
     Coulomb-14        LJ (SR)  Disper. corr.   Coulomb (SR)   Coul. recip.
    7.77765e+03    9.18918e+04   -4.52730e+03   -6.32380e+05    2.99637e+03
      Potential    Kinetic En.   Total Energy  Conserved En.    Temperature
   -5.24190e+05    8.56792e+04   -4.38511e+05   -4.29465e+05    2.99742e+02
 Pres. DC (bar) Pressure (bar)   Constr. rmsd
   -2.22323e+02   -4.43673e+02    2.70619e-06

